[2025-07-06 04:03:43,400] ERROR - Request failed: HTTPSConnectionPool(host='www.okx.com', port=443): Max retries exceeded with url: /api/v5/market/ticker?instId=BTC-USDT (Caused by NameResolutionError("<urllib3.connection.HTTPSConnection object at 0x7e732eb3f130>: Failed to resolve 'www.okx.com' ([Errno -2] Name or service not known)"))
[2025-07-06 04:03:43,401] ERROR - Request failed: HTTPSConnectionPool(host='api.bybit.com', port=443): Max retries exceeded with url: /v5/market/tickers?category=linear (Caused by NameResolutionError("<urllib3.connection.HTTPSConnection object at 0x7e732eb3c130>: Failed to resolve 'api.bybit.com' ([Errno -2] Name or service not known)"))
[2025-07-06 04:03:43,401] ERROR - Request failed: HTTPSConnectionPool(host='www.deribit.com', port=443): Max retries exceeded with url: /api/v2/public/ticker?instrument_name=BTC-PERPETUAL (Caused by NameResolutionError("<urllib3.connection.HTTPSConnection object at 0x7e732e9a0850>: Failed to resolve 'www.deribit.com' ([Errno -2] Name or service not known)"))
[2025-07-06 04:03:43,402] ERROR - Request failed: HTTPSConnectionPool(host='api.coingecko.com', port=443): Max retries exceeded with url: /api/v3/simple/price?ids=bitcoin&vs_currencies=usd (Caused by NameResolutionError("<urllib3.connection.HTTPSConnection object at 0x7e732eb3e7a0>: Failed to resolve 'api.coingecko.com' ([Errno -2] Name or service not known)"))
[2025-07-06 04:03:43,402] WARNING - All API requests failed. Using cached data.
[2025-07-06 04:05:07,363] ERROR - Request failed: HTTPSConnectionPool(host='www.okx.com', port=443): Max retries exceeded with url: /api/v5/market/ticker?instId=BTC-USDT (Caused by ConnectTimeoutError(<urllib3.connection.HTTPSConnection object at 0x785dc973f4c0>, 'Connection to www.okx.com timed out. (connect timeout=10)'))
[2025-07-06 04:05:10,086] INFO - Live data updated.
[2025-07-07 00:37:20,177] ERROR - Request failed: HTTPSConnectionPool(host='www.okx.com', port=443): Max retries exceeded with url: /api/v5/market/ticker?instId=BTC-USDT (Caused by ConnectTimeoutError(<urllib3.connection.HTTPSConnection object at 0x7cb731543430>, 'Connection to www.okx.com timed out. (connect timeout=10)'))
[2025-07-07 00:37:22,967] INFO - Live data updated.
[2025-07-07 01:20:38,249] ERROR - Request failed: HTTPSConnectionPool(host='www.okx.com', port=443): Max retries exceeded with url: /api/v5/market/ticker?instId=BTC-USDT (Caused by ConnectTimeoutError(<urllib3.connection.HTTPSConnection object at 0x7169b465b460>, 'Connection to www.okx.com timed out. (connect timeout=10)'))
[2025-07-07 01:20:40,385] INFO - Live data updated.
[2025-07-07 05:28:00,586] ERROR - Request failed: HTTPSConnectionPool(host='www.okx.com', port=443): Max retries exceeded with url: /api/v5/market/ticker?instId=BTC-USDT (Caused by ConnectTimeoutError(<urllib3.connection.HTTPSConnection object at 0x749e52a5f490>, 'Connection to www.okx.com timed out. (connect timeout=10)'))
[2025-07-07 05:28:03,277] INFO - Live data updated.
[2025-07-08 03:07:31,275] ERROR - Request failed: HTTPSConnectionPool(host='www.okx.com', port=443): Max retries exceeded with url: /api/v5/market/ticker?instId=BTC-USDT (Caused by ConnectTimeoutError(<urllib3.connection.HTTPSConnection object at 0x75a4bf4ab430>, 'Connection to www.okx.com timed out. (connect timeout=10)'))
[2025-07-08 03:07:33,857] INFO - Live data updated.
[2025-07-08 04:02:24,953] ERROR - Request failed: HTTPSConnectionPool(host='www.okx.com', port=443): Max retries exceeded with url: /api/v5/market/ticker?instId=BTC-USDT (Caused by ConnectTimeoutError(<urllib3.connection.HTTPSConnection object at 0x7900351d75b0>, 'Connection to www.okx.com timed out. (connect timeout=10)'))
[2025-07-08 04:05:33,432] ERROR - Request failed: HTTPSConnectionPool(host='www.okx.com', port=443): Max retries exceeded with url: /api/v5/market/ticker?instId=BTC-USDT (Caused by ConnectTimeoutError(<urllib3.connection.HTTPSConnection object at 0x7761b2c57640>, 'Connection to www.okx.com timed out. (connect timeout=10)'))
[2025-07-08 04:05:35,657] INFO - Live data updated.
[2025-07-08 04:09:16,740] ERROR - Request failed: HTTPSConnectionPool(host='www.okx.com', port=443): Max retries exceeded with url: /api/v5/market/ticker?instId=BTC-USDT (Caused by ConnectTimeoutError(<urllib3.connection.HTTPSConnection object at 0x7396d065b5e0>, 'Connection to www.okx.com timed out. (connect timeout=10)'))
[2025-07-08 04:09:19,137] INFO - Live data updated.
[2025-07-08 05:13:26,527] INFO - Live data updated.
[2025-07-08 05:13:28,984] INFO - Live data updated.
[2025-07-08 05:14:00,933] INFO - Live data updated.
[2025-07-08 05:15:12,612] INFO - Live data updated.
[2025-07-08 05:15:15,071] INFO - Live data updated.
[2025-07-08 05:15:46,609] INFO - Live data updated.
[2025-07-08 05:16:18,352] INFO - Live data updated.
[2025-07-08 05:16:50,098] INFO - Live data updated.
[2025-07-08 05:17:21,841] INFO - Live data updated.
[2025-07-08 05:17:53,584] INFO - Live data updated.
[2025-07-08 05:18:25,328] INFO - Live data updated.
[2025-07-08 05:18:57,685] INFO - Live data updated.
[2025-07-08 05:19:29,636] INFO - Live data updated.
[2025-07-08 05:20:01,584] INFO - Live data updated.
[2025-07-08 05:20:33,330] INFO - Live data updated.
[2025-07-08 05:21:04,868] INFO - Live data updated.
[2025-07-08 05:21:35,997] INFO - Live data updated.
[2025-07-08 05:22:00,572] INFO - Live data updated.
[2025-07-08 05:22:03,031] INFO - Live data updated.
[2025-07-08 05:22:34,774] INFO - Live data updated.
[2025-07-08 18:28:01,930] INFO - Live data updated.
[2025-07-08 18:28:07,662] INFO - Live data updated.
[2025-07-08 18:28:41,249] INFO - Live data updated.
[2025-07-08 18:29:13,303] INFO - Live data updated.
[2025-07-08 18:29:44,876] INFO - Live data updated.
[2025-07-08 18:30:17,302] INFO - Live data updated.
[2025-07-08 18:30:49,249] INFO - Live data updated.
[2025-07-08 18:31:21,400] INFO - Live data updated.
[2025-07-08 18:31:53,557] INFO - Live data updated.
[2025-07-08 18:32:25,923] INFO - Live data updated.
[2025-07-08 18:32:59,095] INFO - Live data updated.
[2025-07-08 18:33:31,859] INFO - Live data updated.
[2025-07-08 18:34:03,602] INFO - Live data updated.
[2025-07-08 18:34:36,454] INFO - Live data updated.
[2025-07-08 18:35:07,748] INFO - Live data updated.
[2025-07-08 18:35:39,482] INFO - Live data updated.
[2025-07-08 18:36:11,377] INFO - Live data updated.
[2025-07-08 18:36:42,937] INFO - Live data updated.
[2025-07-08 18:37:16,114] INFO - Live data updated.
[2025-07-08 18:37:47,695] INFO - Live data updated.
[2025-07-08 18:38:21,444] INFO - Live data updated.
[2025-07-08 18:38:52,655] INFO - Live data updated.
[2025-07-08 18:39:25,301] INFO - Live data updated.
[2025-07-08 18:39:56,924] INFO - Live data updated.
[2025-07-08 18:40:28,711] INFO - Live data updated.
[2025-07-08 18:41:00,371] INFO - Live data updated.
[2025-07-08 18:41:32,115] INFO - Live data updated.
[2025-07-08 18:42:04,127] INFO - Live data updated.
[2025-07-08 18:42:36,421] INFO - Live data updated.
[2025-07-08 18:43:08,167] INFO - Live data updated.
[2025-07-08 18:43:39,836] INFO - Live data updated.
[2025-07-08 18:44:11,653] INFO - Live data updated.
[2025-07-08 18:44:44,035] INFO - Live data updated.
[2025-07-08 18:45:17,217] INFO - Live data updated.
[2025-07-08 18:45:49,445] INFO - Live data updated.
[2025-07-08 18:46:21,494] INFO - Live data updated.
[2025-07-08 18:46:53,342] INFO - Live data updated.
[2025-07-08 18:47:24,943] INFO - Live data updated.
[2025-07-08 18:47:57,300] INFO - Live data updated.
[2025-07-08 18:48:29,399] INFO - Live data updated.
[2025-07-08 18:49:01,085] INFO - Live data updated.
[2025-07-08 18:49:32,848] INFO - Live data updated.
[2025-07-08 18:49:55,116] INFO - Live data updated.
[2025-07-08 18:49:58,422] INFO - Live data updated.
[2025-07-08 18:50:30,447] INFO - Live data updated.
[2025-07-08 18:50:32,191] INFO - Live data updated.
[2025-07-08 18:51:03,948] INFO - Live data updated.
[2025-07-08 18:51:36,501] INFO - Live data updated.
[2025-07-08 18:52:08,684] INFO - Live data updated.
[2025-07-08 18:52:41,249] INFO - Live data updated.
[2025-07-08 18:52:43,062] INFO - Live data updated.
[2025-07-08 18:53:13,350] INFO - Live data updated.
[2025-07-08 18:53:45,531] INFO - Live data updated.
[2025-07-08 18:54:17,687] INFO - Live data updated.
[2025-07-08 18:54:50,456] INFO - Live data updated.
[2025-07-08 18:55:22,407] INFO - Live data updated.
[2025-07-08 18:55:54,562] INFO - Live data updated.
[2025-07-08 18:56:26,745] INFO - Live data updated.
[2025-07-08 18:57:03,351] INFO - Live data updated.
[2025-07-08 18:57:35,330] INFO - Live data updated.
[2025-07-08 18:58:07,279] INFO - Live data updated.
[2025-07-08 18:58:39,229] INFO - Live data updated.
[2025-07-08 18:59:10,797] INFO - Live data updated.
[2025-07-08 18:59:43,345] INFO - Live data updated.
[2025-07-08 19:00:16,130] INFO - Live data updated.
[2025-07-08 19:00:48,285] INFO - Live data updated.
[2025-07-08 19:01:20,440] INFO - Live data updated.
[2025-07-08 19:01:52,374] INFO - Live data updated.
[2025-07-08 19:02:24,749] INFO - Live data updated.
[2025-07-08 19:02:56,673] INFO - Live data updated.
[2025-07-08 19:03:29,263] INFO - Live data updated.
[2025-07-08 19:04:01,827] INFO - Live data updated.
[2025-07-08 19:04:38,256] INFO - Live data updated.
[2025-07-08 19:05:09,731] INFO - Live data updated.
[2025-07-08 19:05:26,998] INFO - Live data updated.
[2025-07-08 19:05:41,949] INFO - Live data updated.
[2025-07-08 19:06:14,306] INFO - Live data updated.
[2025-07-08 19:06:46,874] INFO - Live data updated.
[2025-07-08 19:07:18,852] INFO - Live data updated.
[2025-07-08 19:07:51,079] INFO - Live data updated.
[2025-07-08 19:08:22,955] INFO - Live data updated.
[2025-07-08 19:08:44,022] INFO - Live data updated.
[2025-07-08 19:08:54,569] INFO - Live data updated.
[2025-07-08 19:09:26,110] INFO - Live data updated.
[2025-07-08 19:09:58,086] INFO - Live data updated.
[2025-07-08 19:10:29,525] INFO - Live data updated.
[2025-07-08 19:11:01,754] INFO - Live data updated.
[2025-07-08 19:11:17,113] INFO - Live data updated.
[2025-07-08 19:11:19,775] INFO - Live data updated.
[2025-07-08 19:11:31,654] INFO - Live data updated.
[2025-07-08 19:11:52,236] INFO - Live data updated.
[2025-07-08 19:12:23,880] INFO - Live data updated.
[2025-07-08 19:12:56,043] INFO - Live data updated.
[2025-07-08 19:13:28,419] INFO - Live data updated.
[2025-07-08 19:14:00,138] INFO - Live data updated.
[2025-07-08 19:14:32,087] INFO - Live data updated.
[2025-07-08 19:15:04,243] INFO - Live data updated.
[2025-07-08 19:15:36,190] INFO - Live data updated.
[2025-07-08 19:16:08,168] INFO - Live data updated.
[2025-07-08 19:16:40,502] INFO - Live data updated.
[2025-07-08 19:17:12,673] INFO - Live data updated.
[2025-07-08 19:17:45,013] INFO - Live data updated.
[2025-07-08 19:18:16,991] INFO - Live data updated.
[2025-07-08 19:18:49,013] INFO - Live data updated.
[2025-07-08 19:19:20,656] INFO - Live data updated.
[2025-07-08 19:19:52,809] INFO - Live data updated.
[2025-07-08 19:20:25,202] INFO - Live data updated.
[2025-07-08 19:20:56,914] INFO - Live data updated.
[2025-07-08 19:21:28,695] INFO - Live data updated.
[2025-07-08 19:22:00,632] INFO - Live data updated.
[2025-07-08 19:22:32,987] INFO - Live data updated.
[2025-07-08 19:23:04,904] INFO - Live data updated.
[2025-07-08 19:23:36,879] INFO - Live data updated.
[2025-07-08 19:24:08,825] INFO - Live data updated.
[2025-07-08 19:24:40,976] INFO - Live data updated.
[2025-07-08 19:25:13,304] INFO - Live data updated.
[2025-07-08 19:25:45,330] INFO - Live data updated.
[2025-07-08 19:26:17,505] INFO - Live data updated.
[2025-07-08 19:26:49,774] INFO - Live data updated.
[2025-07-08 19:27:22,141] INFO - Live data updated.
[2025-07-08 19:27:54,294] INFO - Live data updated.
[2025-07-08 19:28:26,225] INFO - Live data updated.
[2025-07-08 19:28:58,569] INFO - Live data updated.
[2025-07-08 19:29:31,160] INFO - Live data updated.
[2025-07-08 19:30:02,874] INFO - Live data updated.
[2025-07-08 19:30:35,038] INFO - Live data updated.
[2025-07-08 19:31:07,280] INFO - Live data updated.
[2025-07-08 19:31:38,716] INFO - Live data updated.
[2025-07-08 19:32:10,872] INFO - Live data updated.
[2025-07-08 19:32:43,431] INFO - Live data updated.
[2025-07-08 19:33:15,379] INFO - Live data updated.
[2025-07-08 19:33:47,315] INFO - Live data updated.
[2025-07-08 19:34:19,889] INFO - Live data updated.
[2025-07-08 19:34:52,041] INFO - Live data updated.
[2025-07-08 19:35:24,399] INFO - Live data updated.
[2025-07-08 19:35:55,734] INFO - Live data updated.
[2025-07-08 19:36:27,941] INFO - Live data updated.
[2025-07-08 19:37:00,449] INFO - Live data updated.
[2025-07-08 19:37:32,601] INFO - Live data updated.
[2025-07-08 19:38:04,755] INFO - Live data updated.
[2025-07-08 19:38:37,214] INFO - Live data updated.
[2025-07-08 19:39:09,598] INFO - Live data updated.
[2025-07-08 19:39:41,623] INFO - Live data updated.
[2025-07-08 19:40:13,600] INFO - Live data updated.
[2025-07-08 19:40:49,644] INFO - Live data updated.
[2025-07-08 19:41:21,798] INFO - Live data updated.
[2025-07-08 19:41:53,922] INFO - Live data updated.
[2025-07-08 19:42:25,665] INFO - Live data updated.
[2025-07-08 19:43:02,515] INFO - Live data updated.
[2025-07-08 19:43:34,505] INFO - Live data updated.
[2025-07-08 19:44:06,631] INFO - Live data updated.
[2025-07-08 19:44:38,811] INFO - Live data updated.
[2025-07-08 19:45:10,937] INFO - Live data updated.
[2025-07-08 19:45:42,708] INFO - Live data updated.
[2025-07-08 19:46:14,835] INFO - Live data updated.
[2025-07-08 19:46:47,192] INFO - Live data updated.
[2025-07-08 19:47:19,242] INFO - Live data updated.
[2025-07-08 19:47:38,899] INFO - Live data updated.
[2025-07-08 19:47:51,295] INFO - Live data updated.
[2025-07-08 19:48:23,861] INFO - Live data updated.
[2025-07-08 19:48:56,039] INFO - Live data updated.
[2025-07-08 19:49:27,982] INFO - Live data updated.
[2025-07-08 19:49:59,906] INFO - Live data updated.
[2025-07-08 19:50:32,090] INFO - Live data updated.
[2025-07-08 19:51:04,114] INFO - Live data updated.
[2025-07-08 19:51:35,986] INFO - Live data updated.
[2025-07-08 19:52:08,112] INFO - Live data updated.
[2025-07-08 19:52:40,262] INFO - Live data updated.
[2025-07-08 19:53:12,422] INFO - Live data updated.
[2025-07-08 19:53:44,572] INFO - Live data updated.
[2025-07-08 19:54:20,923] INFO - Live data updated.
[2025-07-08 19:54:52,668] INFO - Live data updated.
[2025-07-08 19:55:24,616] INFO - Live data updated.
[2025-07-08 19:55:56,773] INFO - Live data updated.
[2025-07-08 19:56:28,532] INFO - Live data updated.
[2025-07-08 19:57:01,103] INFO - Live data updated.
[2025-07-08 19:57:33,291] INFO - Live data updated.
[2025-07-08 19:58:05,220] INFO - Live data updated.
[2025-07-08 19:58:37,175] INFO - Live data updated.
[2025-07-08 19:59:08,722] INFO - Live data updated.
[2025-07-08 19:59:40,678] INFO - Live data updated.
[2025-07-08 20:00:12,888] INFO - Live data updated.
[2025-07-08 20:00:44,789] INFO - Live data updated.
[2025-07-08 20:01:16,977] INFO - Live data updated.
[2025-07-08 20:01:49,303] INFO - Live data updated.
[2025-07-08 20:02:22,086] INFO - Live data updated.
[2025-07-08 20:02:54,915] INFO - Live data updated.
[2025-07-08 20:03:27,454] INFO - Live data updated.
[2025-07-08 20:03:59,890] INFO - Live data updated.
[2025-07-08 20:04:33,073] INFO - Live data updated.
[2025-07-08 20:05:04,848] INFO - Live data updated.
[2025-07-08 20:05:37,209] INFO - Live data updated.
[2025-07-08 20:06:08,826] INFO - Live data updated.
[2025-07-08 20:06:41,496] INFO - Live data updated.
[2025-07-08 20:07:13,447] INFO - Live data updated.
[2025-07-08 20:07:45,330] INFO - Live data updated.
[2025-07-08 20:08:17,763] INFO - Live data updated.
[2025-07-08 20:08:49,712] INFO - Live data updated.
[2025-07-08 20:09:22,073] INFO - Live data updated.
[2025-07-08 20:09:54,229] INFO - Live data updated.
[2025-07-08 20:10:25,771] INFO - Live data updated.
[2025-07-08 20:10:57,930] INFO - Live data updated.
[2025-07-08 20:11:29,333] INFO - Live data updated.
[2025-07-08 20:12:01,419] INFO - Live data updated.
[2025-07-08 20:12:33,369] INFO - Live data updated.
[2025-07-08 20:13:05,322] INFO - Live data updated.
[2025-07-08 20:13:37,476] INFO - Live data updated.
[2025-07-08 20:14:09,529] INFO - Live data updated.
[2025-07-08 20:14:41,582] INFO - Live data updated.
[2025-07-08 20:15:13,942] INFO - Live data updated.
[2025-07-08 20:15:46,098] INFO - Live data updated.
[2025-07-08 20:16:18,055] INFO - Live data updated.
[2025-07-08 20:16:50,208] INFO - Live data updated.
[2025-07-08 20:17:22,389] INFO - Live data updated.
[2025-07-08 20:17:54,719] INFO - Live data updated.
[2025-07-08 20:18:27,179] INFO - Live data updated.
[2025-07-08 20:18:59,029] INFO - Live data updated.
[2025-07-08 20:19:31,519] INFO - Live data updated.
[2025-07-08 20:20:03,318] INFO - Live data updated.
[2025-07-08 20:20:35,494] INFO - Live data updated.
[2025-07-08 20:21:07,632] INFO - Live data updated.
[2025-07-08 20:21:39,807] INFO - Live data updated.
[2025-07-08 20:22:11,754] INFO - Live data updated.
[2025-07-08 20:22:43,705] INFO - Live data updated.
[2025-07-08 20:23:15,859] INFO - Live data updated.
[2025-07-08 20:23:48,017] INFO - Live data updated.
[2025-07-08 20:24:20,405] INFO - Live data updated.
[2025-07-08 20:24:51,966] INFO - Live data updated.
[2025-07-08 20:25:24,071] INFO - Live data updated.
[2025-07-08 20:25:56,224] INFO - Live data updated.
[2025-07-08 20:26:28,174] INFO - Live data updated.
[2025-07-08 20:27:00,329] INFO - Live data updated.
[2025-07-08 20:27:32,280] INFO - Live data updated.
[2025-07-08 20:28:04,434] INFO - Live data updated.
[2025-07-08 20:28:36,207] INFO - Live data updated.
[2025-07-08 20:29:08,334] INFO - Live data updated.
[2025-07-08 20:29:40,690] INFO - Live data updated.
[2025-07-08 20:30:13,068] INFO - Live data updated.
[2025-07-08 20:30:45,185] INFO - Live data updated.
[2025-07-08 20:31:16,921] INFO - Live data updated.
[2025-07-08 20:31:49,096] INFO - Live data updated.
[2025-07-08 20:32:21,214] INFO - Live data updated.
[2025-07-08 20:32:53,463] INFO - Live data updated.
[2025-07-08 20:33:25,508] INFO - Live data updated.
[2025-07-08 20:33:57,657] INFO - Live data updated.
[2025-07-08 20:34:29,368] INFO - Live data updated.
[2025-07-08 20:35:01,572] INFO - Live data updated.
[2025-07-08 20:35:33,512] INFO - Live data updated.
[2025-07-08 20:36:04,918] INFO - Live data updated.
[2025-07-08 20:36:36,966] INFO - Live data updated.
[2025-07-08 20:37:09,304] INFO - Live data updated.
[2025-07-08 20:37:41,675] INFO - Live data updated.
[2025-07-08 20:38:14,262] INFO - Live data updated.
[2025-07-08 20:38:46,412] INFO - Live data updated.
[2025-07-08 20:39:18,359] INFO - Live data updated.
[2025-07-08 20:39:50,481] INFO - Live data updated.
[2025-07-08 20:40:22,632] INFO - Live data updated.
[2025-07-08 20:40:54,782] INFO - Live data updated.
[2025-07-08 20:41:26,553] INFO - Live data updated.
[2025-07-08 20:41:58,677] INFO - Live data updated.
[2025-07-08 20:42:30,623] INFO - Live data updated.
[2025-07-08 20:43:03,181] INFO - Live data updated.
[2025-07-08 20:43:35,568] INFO - Live data updated.
[2025-07-08 20:44:07,720] INFO - Live data updated.
[2025-07-08 20:44:39,854] INFO - Live data updated.
[2025-07-08 20:45:11,818] INFO - Live data updated.
[2025-07-08 20:45:43,737] INFO - Live data updated.
[2025-07-08 20:46:15,992] INFO - Live data updated.
[2025-07-08 20:46:48,243] INFO - Live data updated.
[2025-07-08 20:47:20,499] INFO - Live data updated.
[2025-07-08 20:47:52,375] INFO - Live data updated.
[2025-07-08 20:48:24,600] INFO - Live data updated.
[2025-07-08 20:48:56,654] INFO - Live data updated.
[2025-07-08 20:49:28,763] INFO - Live data updated.
[2025-07-08 20:50:01,161] INFO - Live data updated.
[2025-07-08 20:50:33,415] INFO - Live data updated.
[2025-07-08 20:51:05,289] INFO - Live data updated.
[2025-07-08 20:51:37,516] INFO - Live data updated.
[2025-07-08 20:52:09,331] INFO - Live data updated.
[2025-07-08 20:52:41,820] INFO - Live data updated.
[2025-07-08 20:53:13,667] INFO - Live data updated.
[2025-07-08 20:53:46,025] INFO - Live data updated.
[2025-07-08 20:54:17,973] INFO - Live data updated.
[2025-07-08 20:54:49,745] INFO - Live data updated.
[2025-07-08 20:55:21,895] INFO - Live data updated.
[2025-07-08 20:55:53,821] INFO - Live data updated.
[2025-07-08 20:56:25,991] INFO - Live data updated.
[2025-07-08 20:56:58,536] INFO - Live data updated.
[2025-07-08 20:57:30,926] INFO - Live data updated.
[2025-07-08 20:58:02,840] INFO - Live data updated.
[2025-07-08 20:58:35,021] INFO - Live data updated.
[2025-07-08 20:59:07,320] INFO - Live data updated.
[2025-07-08 20:59:39,315] INFO - Live data updated.
[2025-07-08 21:00:11,452] INFO - Live data updated.
[2025-07-08 21:00:43,504] INFO - Live data updated.
[2025-07-08 21:01:15,146] INFO - Live data updated.
[2025-07-08 21:01:47,502] INFO - Live data updated.
[2025-07-08 21:02:19,247] INFO - Live data updated.
[2025-07-08 21:02:51,428] INFO - Live data updated.
[2025-07-08 21:03:23,581] INFO - Live data updated.
[2025-07-08 21:03:55,708] INFO - Live data updated.
[2025-07-08 21:04:27,867] INFO - Live data updated.
[2025-07-08 21:05:00,230] INFO - Live data updated.
[2025-07-08 21:05:32,184] INFO - Live data updated.
[2025-07-08 21:06:04,343] INFO - Live data updated.
[2025-07-08 21:06:36,295] INFO - Live data updated.
[2025-07-08 21:07:08,147] INFO - Live data updated.
[2025-07-08 21:07:40,202] INFO - Live data updated.
[2025-07-08 21:08:12,285] INFO - Live data updated.
[2025-07-08 21:08:44,340] INFO - Live data updated.
[2025-07-08 21:09:16,292] INFO - Live data updated.
[2025-07-08 21:09:48,215] INFO - Live data updated.
[2025-07-08 21:10:20,475] INFO - Live data updated.
[2025-07-08 21:10:52,324] INFO - Live data updated.
[2025-07-08 21:11:24,071] INFO - Live data updated.
[2025-07-08 21:11:56,226] INFO - Live data updated.
[2025-07-08 21:12:28,199] INFO - Live data updated.
[2025-07-08 21:13:00,130] INFO - Live data updated.
[2025-07-08 21:13:32,314] INFO - Live data updated.
[2025-07-08 21:14:04,446] INFO - Live data updated.
[2025-07-08 21:14:36,600] INFO - Live data updated.
[2025-07-08 21:15:08,960] INFO - Live data updated.
[2025-07-08 21:15:41,115] INFO - Live data updated.
[2025-07-08 21:16:13,270] INFO - Live data updated.
[2025-07-08 21:16:45,037] INFO - Live data updated.
[2025-07-08 21:17:17,363] INFO - Live data updated.
[2025-07-08 21:17:49,532] INFO - Live data updated.
[2025-07-08 21:18:21,484] INFO - Live data updated.
[2025-07-08 21:18:53,665] INFO - Live data updated.
[2025-07-08 21:19:25,791] INFO - Live data updated.
[2025-07-08 21:19:57,467] INFO - Live data updated.
[2025-07-08 21:20:29,695] INFO - Live data updated.
[2025-07-08 21:21:01,849] INFO - Live data updated.
[2025-07-08 21:21:33,827] INFO - Live data updated.
[2025-07-08 21:22:05,776] INFO - Live data updated.
[2025-07-08 21:22:37,698] INFO - Live data updated.
[2025-07-08 21:23:09,882] INFO - Live data updated.
[2025-07-08 21:23:41,803] INFO - Live data updated.
[2025-07-08 21:24:13,959] INFO - Live data updated.
[2025-07-08 21:24:46,142] INFO - Live data updated.
[2025-07-08 21:25:18,063] INFO - Live data updated.
[2025-07-08 21:25:50,042] INFO - Live data updated.
[2025-07-08 21:26:22,373] INFO - Live data updated.
[2025-07-08 21:26:54,527] INFO - Live data updated.
[2025-07-08 21:27:27,092] INFO - Live data updated.
[2025-07-08 21:27:59,452] INFO - Live data updated.
[2025-07-08 21:28:31,635] INFO - Live data updated.
[2025-07-08 21:29:03,714] INFO - Live data updated.
[2025-07-08 21:29:35,915] INFO - Live data updated.
[2025-07-08 21:30:08,302] INFO - Live data updated.
[2025-07-08 21:30:40,662] INFO - Live data updated.
[2025-07-08 21:31:12,994] INFO - Live data updated.
[2025-07-08 21:31:44,941] INFO - Live data updated.
[2025-07-08 21:32:17,098] INFO - Live data updated.
[2025-07-08 21:32:48,667] INFO - Live data updated.
[2025-07-08 21:33:20,792] INFO - Live data updated.
[2025-07-08 21:33:53,331] INFO - Live data updated.
[2025-07-08 21:34:25,510] INFO - Live data updated.
[2025-07-08 21:34:57,256] INFO - Live data updated.
[2025-07-08 21:35:29,205] INFO - Live data updated.
[2025-07-08 21:36:00,709] INFO - Live data updated.
[2025-07-08 21:36:32,490] INFO - Live data updated.
[2025-07-08 21:37:04,850] INFO - Live data updated.
[2025-07-08 21:37:37,033] INFO - Live data updated.
[2025-07-08 21:38:09,175] INFO - Live data updated.
[2025-07-08 21:38:41,719] INFO - Live data updated.
[2025-07-08 21:39:14,686] INFO - Live data updated.
[2025-07-08 21:39:46,865] INFO - Live data updated.
[2025-07-08 21:40:19,192] INFO - Live data updated.
[2025-07-08 21:40:51,034] INFO - Live data updated.
[2025-07-08 21:41:23,316] INFO - Live data updated.
[2025-07-08 21:41:55,317] INFO - Live data updated.
[2025-07-08 21:42:27,389] INFO - Live data updated.
[2025-07-08 21:42:59,773] INFO - Live data updated.
[2025-07-08 21:43:31,897] INFO - Live data updated.
[2025-07-08 21:44:04,048] INFO - Live data updated.
[2025-07-08 21:44:36,004] INFO - Live data updated.
[2025-07-08 21:45:07,563] INFO - Live data updated.
[2025-07-08 21:45:39,533] INFO - Live data updated.
[2025-07-08 21:46:11,838] INFO - Live data updated.
[2025-07-08 21:46:43,815] INFO - Live data updated.
[2025-07-08 21:47:16,349] INFO - Live data updated.
[2025-07-08 21:47:48,194] INFO - Live data updated.
[2025-07-08 21:48:20,465] INFO - Live data updated.
[2025-07-08 21:48:52,149] INFO - Live data updated.
[2025-07-08 21:49:25,365] INFO - Live data updated.
[2025-07-08 21:49:58,137] INFO - Live data updated.
[2025-07-08 21:50:30,495] INFO - Live data updated.
[2025-07-08 21:51:02,646] INFO - Live data updated.
[2025-07-08 21:51:35,545] INFO - Live data updated.
[2025-07-08 21:52:09,821] INFO - Live data updated.
[2025-07-08 21:52:41,974] INFO - Live data updated.
[2025-07-08 21:53:15,766] INFO - Live data updated.
[2025-07-08 21:53:48,329] INFO - Live data updated.
[2025-07-08 21:54:18,346] ERROR - Request failed: HTTPSConnectionPool(host='api.bybit.com', port=443): Max retries exceeded with url: /v5/market/tickers?category=linear (Caused by NameResolutionError("<urllib3.connection.HTTPSConnection object at 0x750235383580>: Failed to resolve 'api.bybit.com' ([Errno -2] Name or service not known)"))
[2025-07-08 21:54:18,349] ERROR - Request failed: HTTPSConnectionPool(host='www.deribit.com', port=443): Max retries exceeded with url: /api/v2/public/ticker?instrument_name=ETH-PERPETUAL (Caused by NameResolutionError("<urllib3.connection.HTTPSConnection object at 0x750234a9c460>: Failed to resolve 'www.deribit.com' ([Errno -2] Name or service not known)"))
[2025-07-08 21:54:18,350] INFO - Live data updated.
[2025-07-08 21:54:51,099] INFO - Live data updated.
[2025-07-08 21:55:24,890] INFO - Live data updated.
[2025-07-08 21:55:57,245] INFO - Live data updated.
[2025-07-08 21:56:30,223] INFO - Live data updated.
[2025-07-08 21:57:02,580] INFO - Live data updated.
[2025-07-08 21:57:34,938] INFO - Live data updated.
[2025-07-08 21:58:09,140] INFO - Live data updated.
[2025-07-08 21:58:40,884] INFO - Live data updated.
[2025-07-08 21:59:12,831] INFO - Live data updated.
[2025-07-08 21:59:46,112] INFO - Live data updated.
[2025-07-08 22:00:18,569] INFO - Live data updated.
[2025-07-08 22:00:51,751] INFO - Live data updated.
[2025-07-08 22:01:24,928] INFO - Live data updated.
[2025-07-08 22:01:57,492] INFO - Live data updated.
[2025-07-08 22:02:31,488] INFO - Live data updated.
[2025-07-08 22:03:04,254] INFO - Live data updated.
[2025-07-08 22:03:40,918] INFO - Live data updated.
[2025-07-08 22:04:13,172] INFO - Live data updated.
[2025-07-08 22:04:44,916] INFO - Live data updated.
[2025-07-08 22:05:16,457] INFO - Live data updated.
[2025-07-08 22:05:50,658] INFO - Live data updated.
[2025-07-08 22:06:23,016] INFO - Live data updated.
[2025-07-08 22:06:56,192] INFO - Live data updated.
[2025-07-08 22:07:28,144] INFO - Live data updated.
[2025-07-08 22:07:59,887] INFO - Live data updated.
[2025-07-08 22:08:33,065] INFO - Live data updated.
[2025-07-08 22:09:07,470] INFO - Live data updated.
[2025-07-08 22:09:39,215] INFO - Live data updated.
[2025-07-08 22:10:11,164] INFO - Live data updated.
[2025-07-08 22:10:43,728] INFO - Live data updated.
[2025-07-08 22:11:16,394] INFO - Live data updated.
[2025-07-08 22:11:52,541] INFO - Live data updated.
[2025-07-08 22:12:25,109] INFO - Live data updated.
[2025-07-08 22:12:58,909] INFO - Live data updated.
[2025-07-08 22:13:31,683] INFO - Live data updated.
[2025-07-08 22:14:04,251] INFO - Live data updated.
[2025-07-08 22:14:37,025] INFO - Live data updated.
[2025-07-08 22:15:09,799] INFO - Live data updated.
[2025-07-08 22:15:43,494] INFO - Live data updated.
[2025-07-08 22:16:15,242] INFO - Live data updated.
[2025-07-08 22:16:48,425] INFO - Live data updated.
[2025-07-08 22:17:20,992] INFO - Live data updated.
[2025-07-08 22:17:52,739] INFO - Live data updated.
[2025-07-08 22:18:24,895] INFO - Live data updated.
[2025-07-08 22:18:57,874] INFO - Live data updated.
[2025-07-08 22:19:31,056] INFO - Live data updated.
[2025-07-08 22:20:03,211] INFO - Live data updated.
[2025-07-08 22:20:35,165] INFO - Live data updated.
[2025-07-08 22:21:08,338] INFO - Live data updated.
[2025-07-08 22:21:41,118] INFO - Live data updated.
[2025-07-08 22:22:13,685] INFO - Live data updated.
[2025-07-08 22:22:46,045] INFO - Live data updated.
[2025-07-08 22:23:19,639] INFO - Live data updated.
[2025-07-08 22:23:52,815] INFO - Live data updated.
[2025-07-08 22:24:25,379] INFO - Live data updated.
[2025-07-08 22:24:58,766] INFO - Live data updated.
[2025-07-08 22:25:32,259] INFO - Live data updated.
[2025-07-08 22:26:04,513] INFO - Live data updated.
[2025-07-08 22:26:36,668] INFO - Live data updated.
[2025-07-08 22:27:13,637] INFO - Live data updated.
[2025-07-08 22:27:45,690] INFO - Live data updated.
[2025-07-08 22:28:22,451] INFO - Live data updated.
[2025-07-08 22:28:55,736] INFO - Live data updated.
[2025-07-08 22:29:27,995] INFO - Live data updated.
[2025-07-08 22:29:59,638] INFO - Live data updated.
[2025-07-08 22:30:31,179] INFO - Live data updated.
[2025-07-08 22:31:03,130] INFO - Live data updated.
[2025-07-08 22:31:34,671] INFO - Live data updated.
[2025-07-08 22:32:06,211] INFO - Live data updated.
[2025-07-08 22:32:38,162] INFO - Live data updated.
[2025-07-08 22:33:10,420] INFO - Live data updated.
[2025-07-08 22:33:42,065] INFO - Live data updated.
[2025-07-08 22:34:13,810] INFO - Live data updated.
[2025-07-08 22:34:46,989] INFO - Live data updated.
[2025-07-08 22:35:18,941] INFO - Live data updated.
[2025-07-08 22:35:52,935] INFO - Live data updated.
[2025-07-08 22:36:24,888] INFO - Live data updated.
[2025-07-08 22:37:01,347] INFO - Live data updated.
[2025-07-08 22:37:34,114] INFO - Live data updated.
[2025-07-08 22:38:06,268] INFO - Live data updated.
[2025-07-08 22:38:37,811] INFO - Live data updated.
[2025-07-08 22:39:09,352] INFO - Live data updated.
[2025-07-08 22:39:41,302] INFO - Live data updated.
[2025-07-08 22:40:12,944] INFO - Live data updated.
[2025-07-08 22:40:45,201] INFO - Live data updated.
[2025-07-08 22:41:16,948] INFO - Live data updated.
[2025-07-08 22:41:49,104] INFO - Live data updated.
[2025-07-08 22:42:21,258] INFO - Live data updated.
[2025-07-08 22:42:53,004] INFO - Live data updated.
[2025-07-08 22:43:25,159] INFO - Live data updated.
[2025-07-08 22:43:57,107] INFO - Live data updated.
[2025-07-08 22:44:29,060] INFO - Live data updated.
[2025-07-08 22:45:02,443] INFO - Live data updated.
[2025-07-08 22:45:34,392] INFO - Live data updated.
[2025-07-08 22:46:05,934] INFO - Live data updated.
[2025-07-08 22:46:37,874] INFO - Live data updated.
[2025-07-08 22:47:09,815] INFO - Live data updated.
[2025-07-08 22:47:41,552] INFO - Live data updated.
[2025-07-08 22:48:13,084] INFO - Live data updated.
[2025-07-08 22:48:45,028] INFO - Live data updated.
[2025-07-08 22:49:16,969] INFO - Live data updated.
[2025-07-08 22:49:49,116] INFO - Live data updated.
[2025-07-08 22:50:21,265] INFO - Live data updated.
[2025-07-08 22:50:52,800] INFO - Live data updated.
[2025-07-08 22:51:24,539] INFO - Live data updated.
[2025-07-08 22:51:56,074] INFO - Live data updated.
[2025-07-08 22:52:27,506] INFO - Live data updated.
[2025-07-08 22:52:58,939] INFO - Live data updated.
[2025-07-08 22:53:30,474] INFO - Live data updated.
[2025-07-08 22:54:02,215] INFO - Live data updated.
[2025-07-08 22:54:33,752] INFO - Live data updated.
[2025-07-08 22:55:05,595] INFO - Live data updated.
[2025-07-08 22:55:37,234] INFO - Live data updated.
[2025-07-08 22:56:08,975] INFO - Live data updated.
[2025-07-08 22:56:40,717] INFO - Live data updated.
[2025-07-08 22:57:12,256] INFO - Live data updated.
[2025-07-08 22:57:43,790] INFO - Live data updated.
[2025-07-08 22:58:20,859] INFO - Live data updated.
[2025-07-08 22:58:52,497] INFO - Live data updated.
[2025-07-08 22:59:24,546] INFO - Live data updated.
[2025-07-08 22:59:56,287] INFO - Live data updated.
[2025-07-08 23:00:27,828] INFO - Live data updated.
[2025-07-08 23:00:59,570] INFO - Live data updated.
[2025-07-08 23:01:37,047] INFO - Live data updated.
[2025-07-08 23:02:08,787] INFO - Live data updated.
[2025-07-08 23:02:41,145] INFO - Live data updated.
[2025-07-08 23:03:12,680] INFO - Live data updated.
[2025-07-08 23:03:44,832] INFO - Live data updated.
[2025-07-08 23:04:16,989] INFO - Live data updated.
[2025-07-08 23:04:49,961] INFO - Live data updated.
[2025-07-08 23:05:27,234] INFO - Live data updated.
[2025-07-08 23:05:58,561] INFO - Live data updated.
[2025-07-08 23:06:30,209] INFO - Live data updated.
[2025-07-08 23:07:01,850] INFO - Live data updated.
[2025-07-08 23:07:33,593] INFO - Live data updated.
[2025-07-08 23:08:05,133] INFO - Live data updated.
[2025-07-08 23:08:36,876] INFO - Live data updated.
[2025-07-08 23:09:08,823] INFO - Live data updated.
[2025-07-08 23:09:40,977] INFO - Live data updated.
[2025-07-08 23:10:12,926] INFO - Live data updated.
[2025-07-08 23:10:44,464] INFO - Live data updated.
[2025-07-08 23:11:16,208] INFO - Live data updated.
[2025-07-08 23:11:47,948] INFO - Live data updated.
[2025-07-08 23:12:19,697] INFO - Live data updated.
[2025-07-08 23:12:51,536] INFO - Live data updated.
[2025-07-08 23:13:23,593] INFO - Live data updated.
[2025-07-08 23:13:55,336] INFO - Live data updated.
[2025-07-08 23:14:27,081] INFO - Live data updated.
[2025-07-08 23:14:59,029] INFO - Live data updated.
[2025-07-08 23:15:30,978] INFO - Live data updated.
[2025-07-08 23:16:02,722] INFO - Live data updated.
[2025-07-08 23:16:34,468] INFO - Live data updated.
[2025-07-08 23:17:06,209] INFO - Live data updated.
[2025-07-08 23:17:37,955] INFO - Live data updated.
[2025-07-08 23:18:09,698] INFO - Live data updated.
[2025-07-08 23:18:41,237] INFO - Live data updated.
[2025-07-08 23:19:12,981] INFO - Live data updated.
[2025-07-08 23:19:44,725] INFO - Live data updated.
[2025-07-08 23:20:16,469] INFO - Live data updated.
[2025-07-08 23:20:48,118] INFO - Live data updated.
[2025-07-08 23:21:19,724] INFO - Live data updated.
[2025-07-08 23:21:51,513] INFO - Live data updated.
[2025-07-08 23:22:23,060] INFO - Live data updated.
[2025-07-08 23:22:55,016] INFO - Live data updated.
[2025-07-08 23:23:26,866] INFO - Live data updated.
[2025-07-08 23:23:58,513] INFO - Live data updated.
[2025-07-08 23:24:30,261] INFO - Live data updated.
[2025-07-08 23:25:02,009] INFO - Live data updated.
[2025-07-08 23:25:33,759] INFO - Live data updated.
[2025-07-08 23:26:05,096] INFO - Live data updated.
[2025-07-08 23:26:36,845] INFO - Live data updated.
[2025-07-08 23:27:08,797] INFO - Live data updated.
[2025-07-08 23:27:40,546] INFO - Live data updated.
[2025-07-08 23:28:12,291] INFO - Live data updated.
[2025-07-08 23:28:44,243] INFO - Live data updated.
[2025-07-08 23:29:15,784] INFO - Live data updated.
[2025-07-08 23:29:47,531] INFO - Live data updated.
[2025-07-08 23:30:19,586] INFO - Live data updated.
[2025-07-08 23:30:51,798] INFO - Live data updated.
[2025-07-08 23:31:23,899] INFO - Live data updated.
[2025-07-08 23:31:55,749] INFO - Live data updated.
[2025-07-08 23:32:27,699] INFO - Live data updated.
[2025-07-08 23:32:59,446] INFO - Live data updated.
[2025-07-08 23:33:31,806] INFO - Live data updated.
[2025-07-08 23:34:03,757] INFO - Live data updated.
[2025-07-08 23:34:35,708] INFO - Live data updated.
[2025-07-08 23:35:07,454] INFO - Live data updated.
[2025-07-08 23:35:38,996] INFO - Live data updated.
[2025-07-08 23:36:10,519] INFO - Live data updated.
[2025-07-08 23:36:42,384] INFO - Live data updated.
[2025-07-08 23:37:14,026] INFO - Live data updated.
[2025-07-08 23:37:45,773] INFO - Live data updated.
[2025-07-08 23:38:17,725] INFO - Live data updated.
[2025-07-08 23:38:49,473] INFO - Live data updated.
[2025-07-08 23:39:21,011] INFO - Live data updated.
[2025-07-08 23:39:52,756] INFO - Live data updated.
[2025-07-08 23:40:24,707] INFO - Live data updated.
[2025-07-08 23:40:56,862] INFO - Live data updated.
[2025-07-08 23:41:28,610] INFO - Live data updated.
[2025-07-08 23:42:00,250] INFO - Live data updated.
[2025-07-08 23:42:32,918] INFO - Live data updated.
[2025-07-08 23:43:04,662] INFO - Live data updated.
[2025-07-08 23:43:36,203] INFO - Live data updated.
[2025-07-08 23:44:08,165] INFO - Live data updated.
[2025-07-08 23:44:39,694] INFO - Live data updated.
[2025-07-08 23:45:11,643] INFO - Live data updated.
[2025-07-08 23:45:43,389] INFO - Live data updated.
[2025-07-08 23:46:15,544] INFO - Live data updated.
[2025-07-08 23:46:48,305] INFO - Live data updated.
[2025-07-08 23:47:20,262] INFO - Live data updated.
[2025-07-08 23:47:51,802] INFO - Live data updated.
[2025-07-08 23:48:23,754] INFO - Live data updated.
[2025-07-08 23:48:55,293] INFO - Live data updated.
[2025-07-08 23:49:27,039] INFO - Live data updated.
[2025-07-08 23:49:58,579] INFO - Live data updated.
[2025-07-08 23:50:30,121] INFO - Live data updated.
[2025-07-08 23:51:01,967] INFO - Live data updated.
[2025-07-08 23:51:33,814] INFO - Live data updated.
[2025-07-08 23:52:05,767] INFO - Live data updated.
[2025-07-08 23:52:37,509] INFO - Live data updated.
[2025-07-08 23:53:09,663] INFO - Live data updated.
[2025-07-08 23:53:41,203] INFO - Live data updated.
[2025-07-08 23:54:12,745] INFO - Live data updated.
[2025-07-08 23:54:44,794] INFO - Live data updated.
[2025-07-08 23:55:17,354] INFO - Live data updated.
[2025-07-08 23:55:49,095] INFO - Live data updated.
[2025-07-08 23:56:20,837] INFO - Live data updated.
[2025-07-08 23:56:52,750] INFO - Live data updated.
[2025-07-08 23:57:24,523] INFO - Live data updated.
[2025-07-08 23:57:56,058] INFO - Live data updated.
[2025-07-08 23:58:27,186] INFO - Live data updated.
[2025-07-08 23:58:58,929] INFO - Live data updated.
[2025-07-08 23:59:30,671] INFO - Live data updated.
[2025-07-09 00:00:02,414] INFO - Live data updated.
[2025-07-09 00:00:34,157] INFO - Live data updated.
[2025-07-09 00:01:11,017] INFO - Live data updated.
[2025-07-09 00:01:42,964] INFO - Live data updated.
[2025-07-09 00:02:14,503] INFO - Live data updated.
[2025-07-09 00:02:46,245] INFO - Live data updated.
[2025-07-09 00:03:18,191] INFO - Live data updated.
[2025-07-09 00:03:51,577] INFO - Live data updated.
[2025-07-09 00:04:23,113] INFO - Live data updated.
[2025-07-09 00:04:54,851] INFO - Live data updated.
[2025-07-09 00:05:26,594] INFO - Live data updated.
[2025-07-09 00:05:58,325] INFO - Live data updated.
[2025-07-09 00:06:30,085] INFO - Live data updated.
[2025-07-09 00:07:01,624] INFO - Live data updated.
[2025-07-09 00:07:33,571] INFO - Live data updated.
[2025-07-09 00:08:05,519] INFO - Live data updated.
[2025-07-09 00:08:37,138] INFO - Live data updated.
[2025-07-09 00:09:09,210] INFO - Live data updated.
[2025-07-09 00:09:41,031] INFO - Live data updated.
[2025-07-09 00:10:12,466] INFO - Live data updated.
[2025-07-09 00:10:44,033] INFO - Live data updated.
[2025-07-09 00:11:15,879] INFO - Live data updated.
[2025-07-09 00:11:47,930] INFO - Live data updated.
[2025-07-09 00:12:19,467] INFO - Live data updated.
[2025-07-09 00:12:51,005] INFO - Live data updated.
[2025-07-09 00:13:22,431] INFO - Live data updated.
[2025-07-09 00:13:53,805] INFO - Live data updated.
[2025-07-09 00:14:25,421] INFO - Live data updated.
[2025-07-09 00:14:56,950] INFO - Live data updated.
[2025-07-09 00:15:28,497] INFO - Live data updated.
[2025-07-09 00:16:00,241] INFO - Live data updated.
[2025-07-09 00:16:31,781] INFO - Live data updated.
[2025-07-09 00:17:03,216] INFO - Live data updated.
[2025-07-09 00:17:34,549] INFO - Live data updated.
[2025-07-09 00:18:06,089] INFO - Live data updated.
[2025-07-09 00:18:37,630] INFO - Live data updated.
[2025-07-09 00:19:09,167] INFO - Live data updated.
[2025-07-09 00:19:39,951] INFO - Live data updated.
[2025-07-09 00:20:11,833] INFO - Live data updated.
[2025-07-09 00:20:43,990] INFO - Live data updated.
[2025-07-09 00:21:15,530] INFO - Live data updated.
[2025-07-09 00:21:47,070] INFO - Live data updated.
[2025-07-09 00:22:18,609] INFO - Live data updated.
[2025-07-09 00:22:50,352] INFO - Live data updated.
[2025-07-09 00:23:22,302] INFO - Live data updated.
[2025-07-09 00:23:54,251] INFO - Live data updated.
[2025-07-09 00:24:25,893] INFO - Live data updated.
[2025-07-09 00:24:57,741] INFO - Live data updated.
[2025-07-09 00:25:29,791] INFO - Live data updated.
[2025-07-09 00:26:01,838] INFO - Live data updated.
[2025-07-09 00:26:33,579] INFO - Live data updated.
[2025-07-09 00:27:04,918] INFO - Live data updated.
[2025-07-09 00:27:36,665] INFO - Live data updated.
[2025-07-09 00:28:08,202] INFO - Live data updated.
[2025-07-09 00:28:39,741] INFO - Live data updated.
[2025-07-09 00:29:12,097] INFO - Live data updated.
[2025-07-09 00:29:43,633] INFO - Live data updated.
[2025-07-09 00:30:15,682] INFO - Live data updated.
[2025-07-09 00:30:47,936] INFO - Live data updated.
[2025-07-09 00:31:20,087] INFO - Live data updated.
[2025-07-09 00:31:51,623] INFO - Live data updated.
[2025-07-09 00:32:23,366] INFO - Live data updated.
[2025-07-09 00:32:55,312] INFO - Live data updated.
[2025-07-09 00:33:27,771] INFO - Live data updated.
[2025-07-09 00:34:00,371] INFO - Live data updated.
[2025-07-09 00:34:32,178] INFO - Live data updated.
[2025-07-09 00:35:03,919] INFO - Live data updated.
[2025-07-09 00:35:35,459] INFO - Live data updated.
[2025-07-09 00:36:07,200] INFO - Live data updated.
[2025-07-09 00:36:38,739] INFO - Live data updated.
[2025-07-09 00:37:11,913] INFO - Live data updated.
[2025-07-09 00:37:44,066] INFO - Live data updated.
[2025-07-09 00:38:15,604] INFO - Live data updated.
[2025-07-09 00:38:47,347] INFO - Live data updated.
[2025-07-09 00:39:19,091] INFO - Live data updated.
[2025-07-09 00:39:50,834] INFO - Live data updated.
[2025-07-09 00:40:22,781] INFO - Live data updated.
[2025-07-09 00:40:54,524] INFO - Live data updated.
[2025-07-09 00:41:26,165] INFO - Live data updated.
[2025-07-09 00:41:57,808] INFO - Live data updated.
[2025-07-09 00:42:29,753] INFO - Live data updated.
[2025-07-09 00:43:01,344] INFO - Live data updated.
[2025-07-09 00:43:33,445] INFO - Live data updated.
[2025-07-09 00:44:04,777] INFO - Live data updated.
[2025-07-09 00:44:35,953] INFO - Live data updated.
[2025-07-09 00:45:08,061] INFO - Live data updated.
[2025-07-09 00:45:40,009] INFO - Live data updated.
[2025-07-09 00:46:12,162] INFO - Live data updated.
[2025-07-09 00:46:43,701] INFO - Live data updated.
[2025-07-09 00:47:15,192] INFO - Live data updated.
[2025-07-09 00:47:47,188] INFO - Live data updated.
[2025-07-09 00:48:18,387] INFO - Live data updated.
[2025-07-09 00:48:50,882] INFO - Live data updated.
[2025-07-09 00:49:22,625] INFO - Live data updated.
[2025-07-09 00:49:54,572] INFO - Live data updated.
[2025-07-09 00:50:26,291] INFO - Live data updated.
[2025-07-09 00:50:58,059] INFO - Live data updated.
[2025-07-09 00:51:30,006] INFO - Live data updated.
[2025-07-09 00:52:01,749] INFO - Live data updated.
[2025-07-09 00:52:33,288] INFO - Live data updated.
[2025-07-09 00:53:04,826] INFO - Live data updated.
[2025-07-09 00:53:36,982] INFO - Live data updated.
[2025-07-09 00:54:08,929] INFO - Live data updated.
[2025-07-09 00:54:40,674] INFO - Live data updated.
[2025-07-09 00:55:12,827] INFO - Live data updated.
[2025-07-09 00:55:44,981] INFO - Live data updated.
[2025-07-09 00:56:16,724] INFO - Live data updated.
[2025-07-09 00:56:48,774] INFO - Live data updated.
[2025-07-09 00:57:21,005] INFO - Live data updated.
[2025-07-09 00:57:52,307] INFO - Live data updated.
[2025-07-09 00:58:24,110] INFO - Live data updated.
[2025-07-09 00:58:55,850] INFO - Live data updated.
[2025-07-09 00:59:27,800] INFO - Live data updated.
[2025-07-09 00:59:59,342] INFO - Live data updated.
[2025-07-09 01:00:31,184] INFO - Live data updated.
[2025-07-09 01:01:03,441] INFO - Live data updated.
[2025-07-09 01:01:35,992] INFO - Live data updated.
[2025-07-09 01:02:08,157] INFO - Live data updated.
[2025-07-09 01:02:39,286] INFO - Live data updated.
[2025-07-09 01:03:10,807] INFO - Live data updated.
[2025-07-09 01:03:42,301] INFO - Live data updated.
[2025-07-09 01:04:13,959] INFO - Live data updated.
[2025-07-09 01:04:45,515] INFO - Live data updated.
[2025-07-09 01:05:17,272] INFO - Live data updated.
[2025-07-09 01:05:49,028] INFO - Live data updated.
[2025-07-09 01:06:20,581] INFO - Live data updated.
[2025-07-09 01:06:52,130] INFO - Live data updated.
[2025-07-09 01:07:23,679] INFO - Live data updated.
[2025-07-09 01:07:55,331] INFO - Live data updated.
[2025-07-09 01:08:26,799] INFO - Live data updated.
[2025-07-09 01:08:58,424] INFO - Live data updated.
[2025-07-09 01:09:30,278] INFO - Live data updated.
[2025-07-09 01:09:42,465] INFO - Live data updated.
[2025-07-09 01:10:02,095] INFO - Live data updated.
[2025-07-09 01:10:33,879] INFO - Live data updated.
[2025-07-09 01:10:51,906] INFO - Live data updated.
[2025-07-09 01:11:05,425] INFO - Live data updated.
[2025-07-09 01:11:14,438] INFO - Live data updated.
[2025-07-09 01:11:36,970] INFO - Live data updated.
[2025-07-09 01:11:38,198] INFO - Live data updated.
[2025-07-09 01:12:08,419] INFO - Live data updated.
[2025-07-09 01:12:17,730] INFO - Live data updated.
[2025-07-09 01:12:39,495] INFO - Live data updated.
[2025-07-09 01:13:10,987] INFO - Live data updated.
[2025-07-09 01:13:42,714] INFO - Live data updated.
[2025-07-09 01:14:14,485] INFO - Live data updated.
[2025-07-09 01:14:46,026] INFO - Live data updated.
[2025-07-09 01:15:17,572] INFO - Live data updated.
[2025-07-09 01:15:49,624] INFO - Live data updated.
[2025-07-09 01:16:21,271] INFO - Live data updated.
[2025-07-09 01:16:52,441] INFO - Live data updated.
[2025-07-09 01:17:23,947] INFO - Live data updated.
[2025-07-09 01:17:55,692] INFO - Live data updated.
[2025-07-09 01:18:27,238] INFO - Live data updated.
[2025-07-09 01:18:58,984] INFO - Live data updated.
[2025-07-09 01:19:30,731] INFO - Live data updated.
[2025-07-09 01:20:02,267] INFO - Live data updated.
[2025-07-09 01:20:33,587] INFO - Live data updated.
[2025-07-09 01:21:05,319] INFO - Live data updated.
[2025-07-09 01:21:37,052] INFO - Live data updated.
[2025-07-09 01:22:08,788] INFO - Live data updated.
[2025-07-09 01:22:40,524] INFO - Live data updated.
[2025-07-09 01:23:12,261] INFO - Live data updated.
[2025-07-09 01:23:43,792] INFO - Live data updated.
[2025-07-09 01:24:15,125] INFO - Live data updated.
[2025-07-09 01:24:47,070] INFO - Live data updated.
[2025-07-09 01:25:18,810] INFO - Live data updated.
[2025-07-09 01:25:50,553] INFO - Live data updated.
[2025-07-09 01:26:22,296] INFO - Live data updated.
[2025-07-09 01:26:53,828] INFO - Live data updated.
[2025-07-09 01:27:25,572] INFO - Live data updated.
[2025-07-09 01:27:57,110] INFO - Live data updated.
[2025-07-09 01:28:28,647] INFO - Live data updated.
[2025-07-09 01:29:05,307] INFO - Live data updated.
[2025-07-09 01:29:37,050] INFO - Live data updated.
[2025-07-09 01:30:08,796] INFO - Live data updated.
[2025-07-09 01:30:40,742] INFO - Live data updated.
[2025-07-09 01:31:12,076] INFO - Live data updated.
[2025-07-09 01:31:43,614] INFO - Live data updated.
[2025-07-09 01:32:15,359] INFO - Live data updated.
[2025-07-09 01:32:47,104] INFO - Live data updated.
[2025-07-09 01:33:18,642] INFO - Live data updated.
[2025-07-09 01:33:50,180] INFO - Live data updated.
[2025-07-09 01:34:21,721] INFO - Live data updated.
[2025-07-09 01:34:53,463] INFO - Live data updated.
[2025-07-09 01:35:25,208] INFO - Live data updated.
[2025-07-09 01:35:49,786] INFO - Live data updated.
[2025-07-09 01:35:56,772] INFO - Live data updated.
[2025-07-09 01:36:28,290] INFO - Live data updated.
[2025-07-09 01:37:00,236] INFO - Live data updated.
[2025-07-09 01:37:31,983] INFO - Live data updated.
[2025-07-09 01:38:03,728] INFO - Live data updated.
[2025-07-09 01:38:35,676] INFO - Live data updated.
[2025-07-09 01:39:07,215] INFO - Live data updated.
[2025-07-09 01:39:38,958] INFO - Live data updated.
[2025-07-09 01:40:10,500] INFO - Live data updated.
[2025-07-09 01:40:42,242] INFO - Live data updated.
[2025-07-09 01:41:13,578] INFO - Live data updated.
[2025-07-09 01:41:44,502] INFO - Live data updated.
[2025-07-09 01:42:16,450] INFO - Live data updated.
[2025-07-09 01:42:48,197] INFO - Live data updated.
[2025-07-09 01:43:19,940] INFO - Live data updated.
[2025-07-09 01:44:01,516] INFO - Live data updated.
[2025-07-09 01:44:03,972] INFO - Live data updated.
[2025-07-09 01:44:14,213] INFO - Live data updated.
[2025-07-09 01:44:35,716] INFO - Live data updated.
[2025-07-09 01:45:06,848] INFO - Live data updated.
[2025-07-09 01:45:38,798] INFO - Live data updated.
[2025-07-09 01:46:09,928] INFO - Live data updated.
[2025-07-09 01:46:41,467] INFO - Live data updated.
[2025-07-09 01:47:13,006] INFO - Live data updated.
[2025-07-09 01:47:38,365] INFO - Live data updated.
[2025-07-09 01:47:40,860] INFO - Live data updated.
[2025-07-09 01:48:12,814] INFO - Live data updated.
[2025-07-09 01:48:44,759] INFO - Live data updated.
[2025-07-09 01:49:16,710] INFO - Live data updated.
[2025-07-09 01:49:48,455] INFO - Live data updated.
[2025-07-09 01:50:19,993] INFO - Live data updated.
[2025-07-09 01:50:51,739] INFO - Live data updated.
[2025-07-09 01:51:24,917] INFO - Live data updated.
[2025-07-09 01:51:57,277] INFO - Live data updated.
[2025-07-09 01:52:29,022] INFO - Live data updated.
[2025-07-09 01:53:00,562] INFO - Live data updated.
[2025-07-09 01:53:32,305] INFO - Live data updated.
[2025-07-09 01:54:03,640] INFO - Live data updated.
[2025-07-09 01:54:35,488] INFO - Live data updated.
[2025-07-09 01:55:06,823] INFO - Live data updated.
[2025-07-09 01:55:38,460] INFO - Live data updated.
[2025-07-09 01:56:10,290] INFO - Live data updated.
[2025-07-09 01:56:41,852] INFO - Live data updated.
[2025-07-09 01:57:13,804] INFO - Live data updated.
[2025-07-09 01:57:45,548] INFO - Live data updated.
[2025-07-09 01:58:17,292] INFO - Live data updated.
[2025-07-09 01:58:48,832] INFO - Live data updated.
[2025-07-09 01:59:20,574] INFO - Live data updated.
[2025-07-09 01:59:52,012] INFO - Live data updated.
[2025-07-09 02:00:23,703] INFO - Live data updated.
[2025-07-09 02:01:00,519] INFO - Live data updated.
[2025-07-09 02:01:31,451] INFO - Live data updated.
[2025-07-09 02:02:03,191] INFO - Live data updated.
[2025-07-09 02:02:34,803] INFO - Live data updated.
[2025-07-09 02:03:06,343] INFO - Live data updated.
[2025-07-09 02:03:45,829] INFO - Live data updated.
[2025-07-09 02:04:17,849] INFO - Live data updated.
[2025-07-09 02:04:49,491] INFO - Live data updated.
[2025-07-09 02:05:21,441] INFO - Live data updated.
[2025-07-09 02:05:52,754] INFO - Live data updated.
[2025-07-09 02:06:24,520] INFO - Live data updated.
[2025-07-09 02:06:56,265] INFO - Live data updated.
[2025-07-09 02:07:28,214] INFO - Live data updated.
[2025-07-09 02:07:59,756] INFO - Live data updated.
[2025-07-09 02:08:31,001] INFO - Live data updated.
[2025-07-09 02:09:02,836] INFO - Live data updated.
[2025-07-09 02:09:34,483] INFO - Live data updated.
[2025-07-09 02:10:06,321] INFO - Live data updated.
[2025-07-09 02:10:37,866] INFO - Live data updated.
[2025-07-09 02:11:09,431] INFO - Live data updated.
[2025-07-09 02:11:40,949] INFO - Live data updated.
[2025-07-09 02:12:12,696] INFO - Live data updated.
[2025-07-09 02:12:44,238] INFO - Live data updated.
[2025-07-09 02:13:15,572] INFO - Live data updated.
[2025-07-09 02:13:47,321] INFO - Live data updated.
[2025-07-09 02:14:19,070] INFO - Live data updated.
[2025-07-09 02:14:50,814] INFO - Live data updated.
[2025-07-09 02:15:22,579] INFO - Live data updated.
[2025-07-09 02:15:53,790] INFO - Live data updated.
[2025-07-09 02:16:25,235] INFO - Live data updated.
[2025-07-09 02:16:56,891] INFO - Live data updated.
[2025-07-09 02:17:28,682] INFO - Live data updated.
[2025-07-09 02:18:00,369] INFO - Live data updated.
[2025-07-09 02:18:31,793] INFO - Live data updated.
[2025-07-09 02:19:03,555] INFO - Live data updated.
[2025-07-09 02:19:35,302] INFO - Live data updated.
[2025-07-09 02:20:06,633] INFO - Live data updated.
[2025-07-09 02:20:38,588] INFO - Live data updated.
[2025-07-09 02:21:10,127] INFO - Live data updated.
[2025-07-09 02:21:41,484] INFO - Live data updated.
[2025-07-09 02:22:13,370] INFO - Live data updated.
[2025-07-09 02:22:44,750] INFO - Live data updated.
[2025-07-09 02:23:15,781] INFO - Live data updated.
[2025-07-09 02:23:47,833] INFO - Live data updated.
[2025-07-09 02:24:19,580] INFO - Live data updated.
[2025-07-09 02:24:50,744] INFO - Live data updated.
[2025-07-09 02:25:22,865] INFO - Live data updated.
[2025-07-09 02:25:54,611] INFO - Live data updated.
[2025-07-09 02:26:26,765] INFO - Live data updated.
[2025-07-09 02:26:58,306] INFO - Live data updated.
[2025-07-09 02:27:29,846] INFO - Live data updated.
[2025-07-09 02:28:01,593] INFO - Live data updated.
[2025-07-09 02:28:33,134] INFO - Live data updated.
[2025-07-09 02:29:04,264] INFO - Live data updated.
[2025-07-09 02:29:36,009] INFO - Live data updated.
[2025-07-09 02:30:07,755] INFO - Live data updated.
[2025-07-09 02:30:39,091] INFO - Live data updated.
[2025-07-09 02:31:10,629] INFO - Live data updated.
[2025-07-09 02:31:42,170] INFO - Live data updated.
[2025-07-09 02:32:13,914] INFO - Live data updated.
[2025-07-09 02:32:45,430] INFO - Live data updated.
[2025-07-09 02:33:17,201] INFO - Live data updated.
[2025-07-09 02:33:49,355] INFO - Live data updated.
[2025-07-09 02:34:20,896] INFO - Live data updated.
[2025-07-09 02:34:53,049] INFO - Live data updated.
[2025-07-09 02:35:24,775] INFO - Live data updated.
[2025-07-09 02:36:01,248] INFO - Live data updated.
[2025-07-09 02:36:33,038] INFO - Live data updated.
[2025-07-09 02:37:04,169] INFO - Live data updated.
[2025-07-09 02:37:35,455] INFO - Live data updated.
[2025-07-09 02:38:06,784] INFO - Live data updated.
[2025-07-09 02:38:38,729] INFO - Live data updated.
[2025-07-09 02:39:10,904] INFO - Live data updated.
[2025-07-09 02:39:42,647] INFO - Live data updated.
[2025-07-09 02:40:14,013] INFO - Live data updated.
[2025-07-09 02:40:45,668] INFO - Live data updated.
[2025-07-09 02:41:17,790] INFO - Live data updated.
[2025-07-09 02:41:49,328] INFO - Live data updated.
[2025-07-09 02:42:20,682] INFO - Live data updated.
[2025-07-09 02:42:51,904] INFO - Live data updated.
[2025-07-09 02:43:23,840] INFO - Live data updated.
[2025-07-09 02:43:55,579] INFO - Live data updated.
[2025-07-09 02:44:27,330] INFO - Live data updated.
[2025-07-09 02:44:59,076] INFO - Live data updated.
[2025-07-09 02:45:30,816] INFO - Live data updated.
[2025-07-09 02:46:02,520] INFO - Live data updated.
[2025-07-09 02:46:33,951] INFO - Live data updated.
[2025-07-09 02:47:05,822] INFO - Live data updated.
[2025-07-09 02:47:37,767] INFO - Live data updated.
[2025-07-09 02:48:09,301] INFO - Live data updated.
[2025-07-09 02:48:40,686] INFO - Live data updated.
[2025-07-09 02:49:11,879] INFO - Live data updated.
[2025-07-09 02:49:43,239] INFO - Live data updated.
[2025-07-09 02:50:14,824] INFO - Live data updated.
[2025-07-09 02:50:46,209] INFO - Live data updated.
[2025-07-09 02:51:17,561] INFO - Live data updated.
[2025-07-09 02:51:49,431] INFO - Live data updated.
[2025-07-09 02:52:21,172] INFO - Live data updated.
[2025-07-09 02:52:52,914] INFO - Live data updated.
[2025-07-09 02:53:24,858] INFO - Live data updated.
[2025-07-09 02:53:56,806] INFO - Live data updated.
[2025-07-09 02:54:28,444] INFO - Live data updated.
[2025-07-09 02:55:00,083] INFO - Live data updated.
[2025-07-09 02:55:31,617] INFO - Live data updated.
[2025-07-09 02:56:03,567] INFO - Live data updated.
[2025-07-09 02:56:35,310] INFO - Live data updated.
[2025-07-09 02:57:07,359] INFO - Live data updated.
[2025-07-09 02:57:39,613] INFO - Live data updated.
[2025-07-09 02:58:13,506] INFO - Live data updated.
[2025-07-09 02:58:45,146] INFO - Live data updated.
[2025-07-09 02:59:16,889] INFO - Live data updated.
[2025-07-09 02:59:48,836] INFO - Live data updated.
[2025-07-09 03:00:19,964] INFO - Live data updated.
[2025-07-09 03:00:51,707] INFO - Live data updated.
[2025-07-09 03:01:23,452] INFO - Live data updated.
[2025-07-09 03:01:55,399] INFO - Live data updated.
[2025-07-09 03:02:26,937] INFO - Live data updated.
[2025-07-09 03:02:58,475] INFO - Live data updated.
[2025-07-09 03:03:30,424] INFO - Live data updated.
[2025-07-09 03:04:01,963] INFO - Live data updated.
[2025-07-09 03:04:33,707] INFO - Live data updated.
[2025-07-09 03:05:05,653] INFO - Live data updated.
[2025-07-09 03:05:37,396] INFO - Live data updated.
[2025-07-09 03:06:15,195] INFO - Live data updated.
[2025-07-09 03:06:47,233] INFO - Live data updated.
[2025-07-09 03:07:19,181] INFO - Live data updated.
[2025-07-09 03:07:50,675] INFO - Live data updated.
[2025-07-09 03:08:22,464] INFO - Live data updated.
[2025-07-09 03:08:55,027] INFO - Live data updated.
[2025-07-09 03:09:26,771] INFO - Live data updated.
[2025-07-09 03:09:58,513] INFO - Live data updated.
[2025-07-09 03:10:30,259] INFO - Live data updated.
[2025-07-09 03:11:01,797] INFO - Live data updated.
[2025-07-09 03:11:33,745] INFO - Live data updated.
[2025-07-09 03:12:05,694] INFO - Live data updated.
[2025-07-09 03:12:37,438] INFO - Live data updated.
[2025-07-09 03:13:08,977] INFO - Live data updated.
[2025-07-09 03:13:40,721] INFO - Live data updated.
[2025-07-09 03:14:12,465] INFO - Live data updated.
[2025-07-09 03:14:44,825] INFO - Live data updated.
[2025-07-09 03:15:16,337] INFO - Live data updated.
[2025-07-09 03:15:48,718] INFO - Live data updated.
[2025-07-09 03:16:20,465] INFO - Live data updated.
[2025-07-09 03:16:52,205] INFO - Live data updated.
[2025-07-09 03:17:23,748] INFO - Live data updated.
[2025-07-09 03:17:55,492] INFO - Live data updated.
[2025-07-09 03:18:27,031] INFO - Live data updated.
[2025-07-09 03:18:58,775] INFO - Live data updated.
[2025-07-09 03:19:30,520] INFO - Live data updated.
[2025-07-09 03:20:02,271] INFO - Live data updated.
[2025-07-09 03:20:34,019] INFO - Live data updated.
[2025-07-09 03:21:05,973] INFO - Live data updated.
[2025-07-09 03:21:37,721] INFO - Live data updated.
[2025-07-09 03:22:09,572] INFO - Live data updated.
[2025-07-09 03:22:41,422] INFO - Live data updated.
[2025-07-09 03:23:13,173] INFO - Live data updated.
[2025-07-09 03:23:45,123] INFO - Live data updated.
[2025-07-09 03:24:16,870] INFO - Live data updated.
[2025-07-09 03:24:48,373] INFO - Live data updated.
[2025-07-09 03:25:19,956] INFO - Live data updated.
[2025-07-09 03:25:51,907] INFO - Live data updated.
[2025-07-09 03:26:23,962] INFO - Live data updated.
[2025-07-09 03:26:55,811] INFO - Live data updated.
[2025-07-09 03:27:27,354] INFO - Live data updated.
[2025-07-09 03:27:59,100] INFO - Live data updated.
[2025-07-09 03:28:31,051] INFO - Live data updated.
[2025-07-09 03:29:02,796] INFO - Live data updated.
[2025-07-09 03:29:34,746] INFO - Live data updated.
[2025-07-09 03:30:06,086] INFO - Live data updated.
[2025-07-09 03:30:37,217] INFO - Live data updated.
[2025-07-09 03:31:08,936] INFO - Live data updated.
[2025-07-09 03:31:40,710] INFO - Live data updated.
[2025-07-09 03:32:12,455] INFO - Live data updated.
[2025-07-09 03:32:44,303] INFO - Live data updated.
[2025-07-09 03:33:15,947] INFO - Live data updated.
[2025-07-09 03:33:47,961] INFO - Live data updated.
[2025-07-09 03:34:19,642] INFO - Live data updated.
[2025-07-09 03:34:50,984] INFO - Live data updated.
[2025-07-09 03:35:22,336] INFO - Live data updated.
[2025-07-09 03:35:53,576] INFO - Live data updated.
[2025-07-09 03:36:25,191] INFO - Live data updated.
[2025-07-09 03:36:56,937] INFO - Live data updated.
[2025-07-09 03:37:28,431] INFO - Live data updated.
[2025-07-09 03:38:00,225] INFO - Live data updated.
[2025-07-09 03:38:31,765] INFO - Live data updated.
[2025-07-09 03:39:03,510] INFO - Live data updated.
[2025-07-09 03:39:35,051] INFO - Live data updated.
[2025-07-09 03:40:06,797] INFO - Live data updated.
[2025-07-09 03:40:38,174] INFO - Live data updated.
[2025-07-09 03:41:09,875] INFO - Live data updated.
[2025-07-09 03:41:41,826] INFO - Live data updated.
[2025-07-09 03:42:14,157] INFO - Live data updated.
[2025-07-09 03:42:45,512] INFO - Live data updated.
[2025-07-09 03:43:17,470] INFO - Live data updated.
[2025-07-09 03:43:49,217] INFO - Live data updated.
[2025-07-09 03:44:20,755] INFO - Live data updated.
[2025-07-09 03:44:52,913] INFO - Live data updated.
[2025-07-09 03:45:24,251] INFO - Live data updated.
[2025-07-09 03:45:56,198] INFO - Live data updated.
[2025-07-09 03:46:27,943] INFO - Live data updated.
[2025-07-09 03:46:59,140] INFO - Live data updated.
[2025-07-09 03:47:32,250] INFO - Live data updated.
[2025-07-09 03:48:04,202] INFO - Live data updated.
[2025-07-09 03:48:35,839] INFO - Live data updated.
[2025-07-09 03:49:07,487] INFO - Live data updated.
[2025-07-09 03:49:38,850] INFO - Live data updated.
[2025-07-09 03:50:10,568] INFO - Live data updated.
[2025-07-09 03:50:42,518] INFO - Live data updated.
[2025-07-09 03:51:14,246] INFO - Live data updated.
[2025-07-09 03:51:46,093] INFO - Live data updated.
[2025-07-09 03:52:17,548] INFO - Live data updated.
[2025-07-09 03:52:49,294] INFO - Live data updated.
[2025-07-09 03:53:20,834] INFO - Live data updated.
[2025-07-09 03:53:52,539] INFO - Live data updated.
[2025-07-09 03:54:22,556] ERROR - Request failed: HTTPSConnectionPool(host='api.bybit.com', port=443): Max retries exceeded with url: /v5/market/tickers?category=linear (Caused by NameResolutionError("<urllib3.connection.HTTPSConnection object at 0x7cd3de4667d0>: Failed to resolve 'api.bybit.com' ([Errno -2] Name or service not known)"))
[2025-07-09 03:54:22,558] ERROR - Request failed: HTTPSConnectionPool(host='www.deribit.com', port=443): Max retries exceeded with url: /api/v2/public/ticker?instrument_name=ETH-PERPETUAL (Caused by NameResolutionError("<urllib3.connection.HTTPSConnection object at 0x7cd3de551f30>: Failed to resolve 'www.deribit.com' ([Errno -2] Name or service not known)"))
[2025-07-09 03:54:22,562] INFO - Live data updated.
[2025-07-09 03:54:53,919] INFO - Live data updated.
[2025-07-09 03:55:25,751] INFO - Live data updated.
[2025-07-09 03:55:56,971] INFO - Live data updated.
[2025-07-09 03:56:28,621] INFO - Live data updated.
[2025-07-09 03:57:00,362] INFO - Live data updated.
[2025-07-09 03:57:31,897] INFO - Live data updated.
[2025-07-09 03:58:03,643] INFO - Live data updated.
[2025-07-09 03:58:35,384] INFO - Live data updated.
[2025-07-09 03:59:06,923] INFO - Live data updated.
[2025-07-09 03:59:39,313] INFO - Live data updated.
[2025-07-09 04:00:11,021] INFO - Live data updated.
[2025-07-09 04:00:17,165] INFO - Live data updated.
[2025-07-09 04:00:19,621] INFO - Live data updated.
[2025-07-09 04:00:42,765] INFO - Live data updated.
[2025-07-09 04:00:51,367] INFO - Live data updated.
[2025-07-09 04:01:14,506] INFO - Live data updated.
[2025-07-09 04:01:22,904] INFO - Live data updated.
[2025-07-09 04:01:46,248] INFO - Live data updated.
[2025-07-09 04:01:54,340] INFO - Live data updated.
[2025-07-09 04:02:17,585] INFO - Live data updated.
[2025-07-09 04:02:25,980] INFO - Live data updated.
[2025-07-09 04:02:48,840] INFO - Live data updated.
[2025-07-09 04:02:57,517] INFO - Live data updated.
[2025-07-09 04:03:26,804] INFO - Live data updated.
[2025-07-09 04:03:29,262] INFO - Live data updated.
[2025-07-09 04:04:00,901] INFO - Live data updated.
[2025-07-09 04:04:32,647] INFO - Live data updated.
[2025-07-09 04:05:04,388] INFO - Live data updated.
[2025-07-09 04:05:35,928] INFO - Live data updated.
[2025-07-09 04:06:07,671] INFO - Live data updated.
[2025-07-09 04:06:39,417] INFO - Live data updated.
[2025-07-09 04:07:10,954] INFO - Live data updated.
[2025-07-09 04:07:42,904] INFO - Live data updated.
[2025-07-09 04:08:14,649] INFO - Live data updated.
[2025-07-09 04:08:46,186] INFO - Live data updated.
[2025-07-09 04:09:17,728] INFO - Live data updated.
[2025-07-09 04:09:50,084] INFO - Live data updated.
[2025-07-09 04:10:21,831] INFO - Live data updated.
[2025-07-09 04:10:53,776] INFO - Live data updated.
[2025-07-09 04:11:25,416] INFO - Live data updated.
[2025-07-09 04:11:58,085] INFO - Live data updated.
[2025-07-09 04:12:29,621] INFO - Live data updated.
[2025-07-09 04:13:01,367] INFO - Live data updated.
[2025-07-09 04:13:32,909] INFO - Live data updated.
[2025-07-09 04:14:04,651] INFO - Live data updated.
[2025-07-09 04:14:36,599] INFO - Live data updated.
[2025-07-09 04:15:08,446] INFO - Live data updated.
[2025-07-09 04:15:40,087] INFO - Live data updated.
[2025-07-09 04:16:11,628] INFO - Live data updated.
[2025-07-09 04:16:43,577] INFO - Live data updated.
[2025-07-09 04:17:15,312] INFO - Live data updated.
[2025-07-09 04:17:46,862] INFO - Live data updated.
[2025-07-09 04:18:18,606] INFO - Live data updated.
[2025-07-09 04:18:50,351] INFO - Live data updated.
[2025-07-09 04:19:21,890] INFO - Live data updated.
[2025-07-09 04:19:53,747] INFO - Live data updated.
[2025-07-09 04:20:25,583] INFO - Live data updated.
[2025-07-09 04:20:57,325] INFO - Live data updated.
[2025-07-09 04:21:29,070] INFO - Live data updated.
[2025-07-09 04:22:01,226] INFO - Live data updated.
[2025-07-09 04:22:32,765] INFO - Live data updated.
[2025-07-09 04:23:04,510] INFO - Live data updated.
[2025-07-09 04:23:36,253] INFO - Live data updated.
[2025-07-09 04:24:07,998] INFO - Live data updated.
[2025-07-09 04:24:39,741] INFO - Live data updated.
[2025-07-09 04:25:11,487] INFO - Live data updated.
[2025-07-09 04:25:43,029] INFO - Live data updated.
[2025-07-09 04:26:15,181] INFO - Live data updated.
[2025-07-09 04:26:46,720] INFO - Live data updated.
[2025-07-09 04:27:18,465] INFO - Live data updated.
[2025-07-09 04:27:50,007] INFO - Live data updated.
[2025-07-09 04:28:21,548] INFO - Live data updated.
[2025-07-09 04:28:53,294] INFO - Live data updated.
[2025-07-09 04:29:30,160] INFO - Live data updated.
[2025-07-09 04:30:01,909] INFO - Live data updated.
[2025-07-09 04:30:34,063] INFO - Live data updated.
[2025-07-09 04:31:05,814] INFO - Live data updated.
[2025-07-09 04:31:37,934] INFO - Live data updated.
[2025-07-09 04:32:09,715] INFO - Live data updated.
[2025-07-09 04:32:41,664] INFO - Live data updated.
[2025-07-09 04:33:13,410] INFO - Live data updated.
[2025-07-09 04:33:45,567] INFO - Live data updated.
[2025-07-09 04:34:17,517] INFO - Live data updated.
[2025-07-09 04:34:49,879] INFO - Live data updated.
[2025-07-09 04:35:21,827] INFO - Live data updated.
[2025-07-09 04:35:53,575] INFO - Live data updated.
[2025-07-09 04:36:25,523] INFO - Live data updated.
[2025-07-09 04:36:57,269] INFO - Live data updated.
[2025-07-09 04:37:28,812] INFO - Live data updated.
[2025-07-09 04:37:44,989] INFO - Live data updated.
[2025-07-09 04:37:47,447] INFO - Live data updated.
[2025-07-09 04:38:19,194] INFO - Live data updated.
[2025-07-09 04:38:32,507] INFO - Live data updated.
[2025-07-09 04:38:34,963] INFO - Live data updated.
[2025-07-09 04:38:50,530] INFO - Live data updated.
[2025-07-09 04:39:06,505] INFO - Live data updated.
[2025-07-09 04:39:22,480] INFO - Live data updated.
[2025-07-09 04:39:41,527] INFO - Live data updated.
[2025-07-09 04:39:43,984] INFO - Live data updated.
[2025-07-09 04:40:15,730] INFO - Live data updated.
[2025-07-09 04:40:47,679] INFO - Live data updated.
[2025-07-09 04:41:19,427] INFO - Live data updated.
[2025-07-09 04:41:51,275] INFO - Live data updated.
[2025-07-09 04:42:23,074] INFO - Live data updated.
[2025-07-09 04:42:54,826] INFO - Live data updated.
[2025-07-09 04:43:26,612] INFO - Live data updated.
[2025-07-09 04:43:58,356] INFO - Live data updated.
[2025-07-09 04:44:29,899] INFO - Live data updated.
[2025-07-09 04:45:02,054] INFO - Live data updated.
[2025-07-09 04:45:33,798] INFO - Live data updated.
[2025-07-09 04:46:05,748] INFO - Live data updated.
[2025-07-09 04:46:37,493] INFO - Live data updated.
[2025-07-09 04:47:09,239] INFO - Live data updated.
[2025-07-09 04:47:40,573] INFO - Live data updated.
[2025-07-09 04:48:12,318] INFO - Live data updated.
[2025-07-09 04:48:44,065] INFO - Live data updated.
[2025-07-09 04:49:15,806] INFO - Live data updated.
[2025-07-09 04:49:47,756] INFO - Live data updated.
[2025-07-09 04:50:19,299] INFO - Live data updated.
[2025-07-09 04:50:51,042] INFO - Live data updated.
[2025-07-09 04:51:22,790] INFO - Live data updated.
[2025-07-09 04:51:53,917] INFO - Live data updated.
[2025-07-09 04:52:25,665] INFO - Live data updated.
[2025-07-09 04:52:57,001] INFO - Live data updated.
[2025-07-09 04:53:28,746] INFO - Live data updated.
[2025-07-09 04:54:00,488] INFO - Live data updated.
[2025-07-09 04:54:31,763] INFO - Live data updated.
[2025-07-09 05:01:10,993] INFO - Live data updated.
[2025-07-09 05:01:13,449] INFO - Live data updated.
[2025-07-09 05:02:40,684] INFO - Live data updated.
[2025-07-09 05:02:43,140] INFO - Live data updated.
[2025-07-09 05:03:14,676] INFO - Live data updated.
[2025-07-09 05:03:46,618] INFO - Live data updated.
[2025-07-09 05:04:18,562] INFO - Live data updated.
[2025-07-09 05:04:50,302] INFO - Live data updated.
[2025-07-09 05:05:21,427] INFO - Live data updated.
[2025-07-09 05:05:53,271] INFO - Live data updated.
[2025-07-09 05:06:24,907] INFO - Live data updated.
[2025-07-09 05:06:56,621] INFO - Live data updated.
[2025-07-09 05:07:27,849] INFO - Live data updated.
[2025-07-09 05:08:18,145] INFO - Live data updated.
[2025-07-09 05:08:20,607] INFO - Live data updated.
[2025-07-09 05:08:52,107] INFO - Live data updated.
[2025-07-09 05:11:53,785] INFO - Live data updated.
[2025-07-09 05:11:56,041] INFO - Live data updated.
[2025-07-09 05:12:12,832] INFO - Live data updated.
[2025-07-09 05:12:14,982] INFO - Live data updated.
[2025-07-09 05:12:46,623] INFO - Live data updated.
[2025-07-09 05:13:17,955] INFO - Live data updated.
[2025-07-09 05:13:24,508] INFO - Live data updated.
[2025-07-09 05:13:26,762] INFO - Live data updated.
[2025-07-09 05:13:43,757] INFO - Live data updated.
[2025-07-09 05:13:46,011] INFO - Live data updated.
[2025-07-09 05:14:17,957] INFO - Live data updated.
[2025-07-09 05:14:51,544] INFO - Live data updated.
[2025-07-09 05:15:22,671] INFO - Live data updated.
[2025-07-09 05:15:26,153] INFO - Live data updated.
[2025-07-09 05:15:28,201] INFO - Live data updated.
[2025-07-09 05:15:50,729] INFO - Live data updated.
[2025-07-09 05:15:53,084] INFO - Live data updated.
[2025-07-09 05:15:59,732] INFO - Live data updated.
[2025-07-09 05:16:24,727] INFO - Live data updated.
[2025-07-09 05:16:31,484] INFO - Live data updated.
[2025-07-09 05:16:56,469] INFO - Live data updated.
[2025-07-09 05:17:03,021] INFO - Live data updated.
[2025-07-09 05:17:27,801] INFO - Live data updated.
[2025-07-09 05:17:34,660] INFO - Live data updated.
[2025-07-09 05:17:59,544] INFO - Live data updated.
[2025-07-09 05:18:06,098] INFO - Live data updated.
[2025-07-09 05:18:31,156] INFO - Live data updated.
[2025-07-09 05:18:37,638] INFO - Live data updated.
[2025-07-09 05:19:02,828] INFO - Live data updated.
[2025-07-09 05:19:09,363] INFO - Live data updated.
[2025-07-09 05:19:34,364] INFO - Live data updated.
[2025-07-09 05:19:40,917] INFO - Live data updated.
[2025-07-09 05:20:06,211] INFO - Live data updated.
[2025-07-09 05:20:12,626] INFO - Live data updated.
[2025-07-09 05:20:38,056] INFO - Live data updated.
[2025-07-09 05:20:44,200] INFO - Live data updated.
[2025-07-09 05:21:09,306] INFO - Live data updated.
[2025-07-09 05:21:15,309] INFO - Live data updated.
[2025-07-09 05:21:40,927] INFO - Live data updated.
[2025-07-09 05:21:46,867] INFO - Live data updated.
[2025-07-09 05:22:12,467] INFO - Live data updated.
[2025-07-09 05:22:18,405] INFO - Live data updated.
[2025-07-09 05:22:44,211] INFO - Live data updated.
[2025-07-09 05:22:50,149] INFO - Live data updated.
[2025-07-09 05:23:15,952] INFO - Live data updated.
[2025-07-09 05:23:21,687] INFO - Live data updated.
[2025-07-09 05:23:53,936] INFO - Live data updated.
[2025-07-09 05:23:55,417] INFO - Live data updated.
[2025-07-09 05:24:56,919] INFO - Live data updated.
[2025-07-09 05:24:59,171] INFO - Live data updated.
[2025-07-09 05:25:30,812] INFO - Live data updated.
[2025-07-09 05:26:02,659] INFO - Live data updated.
[2025-07-09 05:26:33,839] INFO - Live data updated.
[2025-07-09 05:27:05,736] INFO - Live data updated.
[2025-07-09 05:27:37,478] INFO - Live data updated.
[2025-07-09 05:28:09,222] INFO - Live data updated.
[2025-07-09 05:28:40,968] INFO - Live data updated.
[2025-07-09 05:29:12,507] INFO - Live data updated.
[2025-07-09 05:29:44,045] INFO - Live data updated.
[2025-07-09 05:30:15,892] INFO - Live data updated.
[2025-07-09 05:30:47,740] INFO - Live data updated.
[2025-07-09 05:31:20,098] INFO - Live data updated.
[2025-07-09 05:31:51,841] INFO - Live data updated.
[2025-07-09 05:32:23,584] INFO - Live data updated.
[2025-07-09 05:32:55,328] INFO - Live data updated.
[2025-07-09 05:33:27,180] INFO - Live data updated.
[2025-07-09 05:33:59,023] INFO - Live data updated.
[2025-07-09 05:34:30,967] INFO - Live data updated.
[2025-07-09 05:35:02,713] INFO - Live data updated.
[2025-07-09 05:35:34,354] INFO - Live data updated.
